2009-12-15 15:48:11 (PST)	8 Notice	Undefined offset:  1	File: fns_tinybrowser.php	Line: 244	
2009-12-15 15:48:11 (PST)	8 Notice	Undefined offset:  0	File: fns_tinybrowser.php	Line: 340	
2011-09-26 21:01:53 (UTC)	8192 	Function sql_regcase() is deprecated	File: fns_tinybrowser.php	Line: 355	
2011-09-26 21:01:53 (UTC)	8192 	Function sql_regcase() is deprecated	File: fns_tinybrowser.php	Line: 355	
2011-09-26 21:01:53 (UTC)	8192 	Function sql_regcase() is deprecated	File: fns_tinybrowser.php	Line: 355	
2011-09-26 21:01:53 (UTC)	8192 	Function sql_regcase() is deprecated	File: fns_tinybrowser.php	Line: 355	
2011-09-26 21:03:10 (UTC)	8192 	Function sql_regcase() is deprecated	File: fns_tinybrowser.php	Line: 355	
2011-09-26 21:03:10 (UTC)	8192 	Function sql_regcase() is deprecated	File: fns_tinybrowser.php	Line: 355	
2011-09-26 21:03:10 (UTC)	8192 	Function sql_regcase() is deprecated	File: fns_tinybrowser.php	Line: 355	
2011-09-26 21:03:10 (UTC)	8192 	Function sql_regcase() is deprecated	File: fns_tinybrowser.php	Line: 355	
2011-09-26 21:04:50 (UTC)	8192 	Function sql_regcase() is deprecated	File: fns_tinybrowser.php	Line: 355	
2011-09-26 21:04:50 (UTC)	8192 	Function sql_regcase() is deprecated	File: fns_tinybrowser.php	Line: 355	
2011-09-26 21:04:50 (UTC)	8192 	Function sql_regcase() is deprecated	File: fns_tinybrowser.php	Line: 355	
2011-09-26 21:04:50 (UTC)	8192 	Function sql_regcase() is deprecated	File: fns_tinybrowser.php	Line: 355	
2011-09-26 21:07:11 (UTC)	8192 	Function sql_regcase() is deprecated	File: fns_tinybrowser.php	Line: 355	
2011-09-26 21:07:11 (UTC)	8192 	Function sql_regcase() is deprecated	File: fns_tinybrowser.php	Line: 355	
2011-09-26 21:07:11 (UTC)	8192 	Function sql_regcase() is deprecated	File: fns_tinybrowser.php	Line: 355	
2011-09-26 21:07:11 (UTC)	8192 	Function sql_regcase() is deprecated	File: fns_tinybrowser.php	Line: 355	
2011-09-26 21:08:08 (UTC)	8192 	Function sql_regcase() is deprecated	File: fns_tinybrowser.php	Line: 355	
2011-09-26 21:08:08 (UTC)	8192 	Function sql_regcase() is deprecated	File: fns_tinybrowser.php	Line: 355	
2011-09-26 21:08:08 (UTC)	8192 	Function sql_regcase() is deprecated	File: fns_tinybrowser.php	Line: 355	
2011-09-26 21:08:08 (UTC)	8192 	Function sql_regcase() is deprecated	File: fns_tinybrowser.php	Line: 355	
2011-09-26 21:08:08 (UTC)	8192 	Function sql_regcase() is deprecated	File: fns_tinybrowser.php	Line: 371	
2011-09-26 21:08:08 (UTC)	8192 	Function sql_regcase() is deprecated	File: fns_tinybrowser.php	Line: 371	
2011-09-26 21:08:08 (UTC)	8192 	Function sql_regcase() is deprecated	File: fns_tinybrowser.php	Line: 371	
2011-09-26 21:08:08 (UTC)	8192 	Function sql_regcase() is deprecated	File: fns_tinybrowser.php	Line: 371	
2011-09-26 21:08:08 (UTC)	8192 	Function sql_regcase() is deprecated	File: fns_tinybrowser.php	Line: 371	
2011-09-26 21:08:08 (UTC)	8192 	Function sql_regcase() is deprecated	File: fns_tinybrowser.php	Line: 371	
2011-09-26 21:08:08 (UTC)	8192 	Function sql_regcase() is deprecated	File: fns_tinybrowser.php	Line: 371	
2011-09-26 21:08:08 (UTC)	8192 	Function sql_regcase() is deprecated	File: fns_tinybrowser.php	Line: 371	
2011-09-26 21:08:54 (UTC)	8192 	Function sql_regcase() is deprecated	File: fns_tinybrowser.php	Line: 355	
2011-09-26 21:08:54 (UTC)	8192 	Function sql_regcase() is deprecated	File: fns_tinybrowser.php	Line: 355	
2011-09-26 21:08:54 (UTC)	8192 	Function sql_regcase() is deprecated	File: fns_tinybrowser.php	Line: 355	
2011-09-26 21:08:54 (UTC)	8192 	Function sql_regcase() is deprecated	File: fns_tinybrowser.php	Line: 355	
2011-09-26 21:08:54 (UTC)	8192 	Function sql_regcase() is deprecated	File: fns_tinybrowser.php	Line: 371	
2011-09-26 21:08:54 (UTC)	8192 	Function sql_regcase() is deprecated	File: fns_tinybrowser.php	Line: 371	
2011-09-26 21:08:54 (UTC)	8192 	Function sql_regcase() is deprecated	File: fns_tinybrowser.php	Line: 371	
2011-09-26 21:08:54 (UTC)	8192 	Function sql_regcase() is deprecated	File: fns_tinybrowser.php	Line: 371	
2011-09-26 21:08:54 (UTC)	8192 	Function sql_regcase() is deprecated	File: fns_tinybrowser.php	Line: 371	
2011-09-26 21:08:54 (UTC)	8192 	Function sql_regcase() is deprecated	File: fns_tinybrowser.php	Line: 371	
2011-09-26 21:08:54 (UTC)	8192 	Function sql_regcase() is deprecated	File: fns_tinybrowser.php	Line: 371	
2011-09-26 21:08:54 (UTC)	8192 	Function sql_regcase() is deprecated	File: fns_tinybrowser.php	Line: 371	
2011-09-26 21:18:07 (UTC)	8192 	Function sql_regcase() is deprecated	File: fns_tinybrowser.php	Line: 355	
2011-09-26 21:18:07 (UTC)	8192 	Function sql_regcase() is deprecated	File: fns_tinybrowser.php	Line: 355	
2011-09-26 21:18:07 (UTC)	8192 	Function sql_regcase() is deprecated	File: fns_tinybrowser.php	Line: 355	
2011-09-26 21:18:07 (UTC)	8192 	Function sql_regcase() is deprecated	File: fns_tinybrowser.php	Line: 355	
2011-09-26 21:18:07 (UTC)	8192 	Function sql_regcase() is deprecated	File: fns_tinybrowser.php	Line: 371	
2011-09-26 21:18:07 (UTC)	8192 	Function sql_regcase() is deprecated	File: fns_tinybrowser.php	Line: 371	
2011-09-26 21:18:07 (UTC)	8192 	Function sql_regcase() is deprecated	File: fns_tinybrowser.php	Line: 371	
2011-09-26 21:18:07 (UTC)	8192 	Function sql_regcase() is deprecated	File: fns_tinybrowser.php	Line: 371	
2011-09-26 21:18:07 (UTC)	8192 	Function sql_regcase() is deprecated	File: fns_tinybrowser.php	Line: 371	
2011-09-26 21:18:07 (UTC)	8192 	Function sql_regcase() is deprecated	File: fns_tinybrowser.php	Line: 371	
2011-09-26 21:18:07 (UTC)	8192 	Function sql_regcase() is deprecated	File: fns_tinybrowser.php	Line: 371	
2011-09-26 21:18:07 (UTC)	8192 	Function sql_regcase() is deprecated	File: fns_tinybrowser.php	Line: 371	
2011-09-26 21:18:28 (UTC)	8192 	Function sql_regcase() is deprecated	File: fns_tinybrowser.php	Line: 355	
2011-09-26 21:18:28 (UTC)	8192 	Function sql_regcase() is deprecated	File: fns_tinybrowser.php	Line: 355	
2011-09-26 21:18:28 (UTC)	8192 	Function sql_regcase() is deprecated	File: fns_tinybrowser.php	Line: 355	
2011-09-26 21:18:28 (UTC)	8192 	Function sql_regcase() is deprecated	File: fns_tinybrowser.php	Line: 355	
2011-09-26 21:18:28 (UTC)	8192 	Function sql_regcase() is deprecated	File: fns_tinybrowser.php	Line: 371	
2011-09-26 21:18:28 (UTC)	8192 	Function sql_regcase() is deprecated	File: fns_tinybrowser.php	Line: 371	
2011-09-26 21:18:28 (UTC)	8192 	Function sql_regcase() is deprecated	File: fns_tinybrowser.php	Line: 371	
2011-09-26 21:18:28 (UTC)	8192 	Function sql_regcase() is deprecated	File: fns_tinybrowser.php	Line: 371	
2011-09-26 21:18:28 (UTC)	8192 	Function sql_regcase() is deprecated	File: fns_tinybrowser.php	Line: 371	
2011-09-26 21:18:28 (UTC)	8192 	Function sql_regcase() is deprecated	File: fns_tinybrowser.php	Line: 371	
2011-09-26 21:18:28 (UTC)	8192 	Function sql_regcase() is deprecated	File: fns_tinybrowser.php	Line: 371	
2011-09-26 21:18:28 (UTC)	8192 	Function sql_regcase() is deprecated	File: fns_tinybrowser.php	Line: 371	
2011-09-26 21:19:40 (UTC)	8192 	Function sql_regcase() is deprecated	File: fns_tinybrowser.php	Line: 355	
2011-09-26 21:19:40 (UTC)	8192 	Function sql_regcase() is deprecated	File: fns_tinybrowser.php	Line: 355	
2011-09-26 21:19:40 (UTC)	8192 	Function sql_regcase() is deprecated	File: fns_tinybrowser.php	Line: 355	
2011-09-26 21:19:40 (UTC)	8192 	Function sql_regcase() is deprecated	File: fns_tinybrowser.php	Line: 355	
2011-09-26 21:19:40 (UTC)	8192 	Function sql_regcase() is deprecated	File: fns_tinybrowser.php	Line: 371	
2011-09-26 21:19:40 (UTC)	8192 	Function sql_regcase() is deprecated	File: fns_tinybrowser.php	Line: 371	
2011-09-26 21:19:40 (UTC)	8192 	Function sql_regcase() is deprecated	File: fns_tinybrowser.php	Line: 371	
2011-09-26 21:19:40 (UTC)	8192 	Function sql_regcase() is deprecated	File: fns_tinybrowser.php	Line: 371	
2011-09-26 21:19:40 (UTC)	8192 	Function sql_regcase() is deprecated	File: fns_tinybrowser.php	Line: 371	
2011-09-26 21:19:40 (UTC)	8192 	Function sql_regcase() is deprecated	File: fns_tinybrowser.php	Line: 371	
2011-09-26 21:19:40 (UTC)	8192 	Function sql_regcase() is deprecated	File: fns_tinybrowser.php	Line: 371	
2011-09-26 21:19:40 (UTC)	8192 	Function sql_regcase() is deprecated	File: fns_tinybrowser.php	Line: 371	
2012-01-24 03:32:40 (UTC)	8192 	Function sql_regcase() is deprecated	File: fns_tinybrowser.php	Line: 355	
2012-01-24 03:32:40 (UTC)	8192 	Function sql_regcase() is deprecated	File: fns_tinybrowser.php	Line: 355	
2012-01-24 03:32:40 (UTC)	8192 	Function sql_regcase() is deprecated	File: fns_tinybrowser.php	Line: 355	
2012-01-24 03:32:40 (UTC)	8192 	Function sql_regcase() is deprecated	File: fns_tinybrowser.php	Line: 355	
2012-01-24 03:32:40 (UTC)	8192 	Function sql_regcase() is deprecated	File: fns_tinybrowser.php	Line: 371	
2012-01-24 03:32:40 (UTC)	8192 	Function sql_regcase() is deprecated	File: fns_tinybrowser.php	Line: 371	
2012-01-24 03:32:40 (UTC)	8192 	Function sql_regcase() is deprecated	File: fns_tinybrowser.php	Line: 371	
2012-01-24 03:32:40 (UTC)	8192 	Function sql_regcase() is deprecated	File: fns_tinybrowser.php	Line: 371	
2012-01-24 03:32:40 (UTC)	8192 	Function sql_regcase() is deprecated	File: fns_tinybrowser.php	Line: 371	
2012-01-24 03:32:40 (UTC)	8192 	Function sql_regcase() is deprecated	File: fns_tinybrowser.php	Line: 371	
2012-01-24 03:32:40 (UTC)	8192 	Function sql_regcase() is deprecated	File: fns_tinybrowser.php	Line: 371	
2012-01-24 03:32:40 (UTC)	8192 	Function sql_regcase() is deprecated	File: fns_tinybrowser.php	Line: 371	
2012-01-24 03:32:55 (UTC)	8192 	Function sql_regcase() is deprecated	File: fns_tinybrowser.php	Line: 355	
2012-01-24 03:32:55 (UTC)	8192 	Function sql_regcase() is deprecated	File: fns_tinybrowser.php	Line: 355	
2012-01-24 03:32:55 (UTC)	8192 	Function sql_regcase() is deprecated	File: fns_tinybrowser.php	Line: 355	
2012-01-24 03:32:55 (UTC)	8192 	Function sql_regcase() is deprecated	File: fns_tinybrowser.php	Line: 355	
2012-01-24 03:32:55 (UTC)	8192 	Function sql_regcase() is deprecated	File: fns_tinybrowser.php	Line: 371	
2012-01-24 03:32:55 (UTC)	8192 	Function sql_regcase() is deprecated	File: fns_tinybrowser.php	Line: 371	
2012-01-24 03:32:55 (UTC)	8192 	Function sql_regcase() is deprecated	File: fns_tinybrowser.php	Line: 371	
2012-01-24 03:32:55 (UTC)	8192 	Function sql_regcase() is deprecated	File: fns_tinybrowser.php	Line: 371	
2012-01-24 03:32:55 (UTC)	8192 	Function sql_regcase() is deprecated	File: fns_tinybrowser.php	Line: 371	
2012-01-24 03:32:55 (UTC)	8192 	Function sql_regcase() is deprecated	File: fns_tinybrowser.php	Line: 371	
2012-01-24 03:32:55 (UTC)	8192 	Function sql_regcase() is deprecated	File: fns_tinybrowser.php	Line: 371	
2012-01-24 03:32:55 (UTC)	8192 	Function sql_regcase() is deprecated	File: fns_tinybrowser.php	Line: 371	
2012-01-24 03:33:15 (UTC)	8 Notice	Undefined index: sessioncheck	File: upload.php	Line: 17	
2012-01-24 03:33:18 (UTC)	8 Notice	Undefined index: sessioncheck	File: upload.php	Line: 17	
2012-01-24 03:33:19 (UTC)	8 Notice	Undefined index: sessioncheck	File: upload.php	Line: 17	
2012-01-24 03:33:22 (UTC)	8 Notice	Undefined index: sessioncheck	File: tinybrowser.php	Line: 17	
2012-01-24 03:34:43 (UTC)	8 Notice	Undefined index: sessioncheck	File: tinybrowser.php	Line: 17	
2012-01-24 03:34:50 (UTC)	8 Notice	Undefined index: sessioncheck	File: tinybrowser.php	Line: 17	
2012-01-24 07:06:44 (UTC)	8192 	Function sql_regcase() is deprecated	File: fns_tinybrowser.php	Line: 355	
2012-01-24 07:06:44 (UTC)	8192 	Function sql_regcase() is deprecated	File: fns_tinybrowser.php	Line: 355	
2012-01-24 07:06:44 (UTC)	8192 	Function sql_regcase() is deprecated	File: fns_tinybrowser.php	Line: 355	
2012-01-24 07:06:44 (UTC)	8192 	Function sql_regcase() is deprecated	File: fns_tinybrowser.php	Line: 355	
2012-01-24 07:06:44 (UTC)	8192 	Function sql_regcase() is deprecated	File: fns_tinybrowser.php	Line: 371	
2012-01-24 07:06:44 (UTC)	8192 	Function sql_regcase() is deprecated	File: fns_tinybrowser.php	Line: 371	
2012-01-24 07:06:44 (UTC)	8192 	Function sql_regcase() is deprecated	File: fns_tinybrowser.php	Line: 371	
2012-01-24 07:06:44 (UTC)	8192 	Function sql_regcase() is deprecated	File: fns_tinybrowser.php	Line: 371	
2012-01-24 07:06:44 (UTC)	8192 	Function sql_regcase() is deprecated	File: fns_tinybrowser.php	Line: 371	
2012-01-24 07:06:44 (UTC)	8192 	Function sql_regcase() is deprecated	File: fns_tinybrowser.php	Line: 371	
2012-01-24 07:06:44 (UTC)	8192 	Function sql_regcase() is deprecated	File: fns_tinybrowser.php	Line: 371	
2012-01-24 07:06:44 (UTC)	8192 	Function sql_regcase() is deprecated	File: fns_tinybrowser.php	Line: 371	
2012-01-24 07:07:02 (UTC)	8192 	Function sql_regcase() is deprecated	File: fns_tinybrowser.php	Line: 355	
2012-01-24 07:07:02 (UTC)	8192 	Function sql_regcase() is deprecated	File: fns_tinybrowser.php	Line: 355	
2012-01-24 07:07:02 (UTC)	8192 	Function sql_regcase() is deprecated	File: fns_tinybrowser.php	Line: 355	
2012-01-24 07:07:02 (UTC)	8192 	Function sql_regcase() is deprecated	File: fns_tinybrowser.php	Line: 355	
2012-01-24 07:07:02 (UTC)	8192 	Function sql_regcase() is deprecated	File: fns_tinybrowser.php	Line: 371	
2012-01-24 07:07:02 (UTC)	8192 	Function sql_regcase() is deprecated	File: fns_tinybrowser.php	Line: 371	
2012-01-24 07:07:02 (UTC)	8192 	Function sql_regcase() is deprecated	File: fns_tinybrowser.php	Line: 371	
2012-01-24 07:07:02 (UTC)	8192 	Function sql_regcase() is deprecated	File: fns_tinybrowser.php	Line: 371	
2012-01-24 07:07:02 (UTC)	8192 	Function sql_regcase() is deprecated	File: fns_tinybrowser.php	Line: 371	
2012-01-24 07:07:02 (UTC)	8192 	Function sql_regcase() is deprecated	File: fns_tinybrowser.php	Line: 371	
2012-01-24 07:07:02 (UTC)	8192 	Function sql_regcase() is deprecated	File: fns_tinybrowser.php	Line: 371	
2012-01-24 07:07:02 (UTC)	8192 	Function sql_regcase() is deprecated	File: fns_tinybrowser.php	Line: 371	
2012-01-24 07:07:29 (UTC)	8192 	Function sql_regcase() is deprecated	File: fns_tinybrowser.php	Line: 355	
2012-01-24 07:07:29 (UTC)	8192 	Function sql_regcase() is deprecated	File: fns_tinybrowser.php	Line: 355	
2012-01-24 07:07:29 (UTC)	8192 	Function sql_regcase() is deprecated	File: fns_tinybrowser.php	Line: 355	
2012-01-24 07:07:29 (UTC)	8192 	Function sql_regcase() is deprecated	File: fns_tinybrowser.php	Line: 355	
2012-01-24 07:07:29 (UTC)	8192 	Function sql_regcase() is deprecated	File: fns_tinybrowser.php	Line: 371	
2012-01-24 07:07:29 (UTC)	8192 	Function sql_regcase() is deprecated	File: fns_tinybrowser.php	Line: 371	
2012-01-24 07:07:29 (UTC)	8192 	Function sql_regcase() is deprecated	File: fns_tinybrowser.php	Line: 371	
2012-01-24 07:07:29 (UTC)	8192 	Function sql_regcase() is deprecated	File: fns_tinybrowser.php	Line: 371	
2012-01-24 07:07:29 (UTC)	8192 	Function sql_regcase() is deprecated	File: fns_tinybrowser.php	Line: 371	
2012-01-24 07:07:29 (UTC)	8192 	Function sql_regcase() is deprecated	File: fns_tinybrowser.php	Line: 371	
2012-01-24 07:07:29 (UTC)	8192 	Function sql_regcase() is deprecated	File: fns_tinybrowser.php	Line: 371	
2012-01-24 07:07:29 (UTC)	8192 	Function sql_regcase() is deprecated	File: fns_tinybrowser.php	Line: 371	
2012-01-24 07:09:34 (UTC)	8192 	Function sql_regcase() is deprecated	File: fns_tinybrowser.php	Line: 355	
2012-01-24 07:09:34 (UTC)	8192 	Function sql_regcase() is deprecated	File: fns_tinybrowser.php	Line: 355	
2012-01-24 07:09:34 (UTC)	8192 	Function sql_regcase() is deprecated	File: fns_tinybrowser.php	Line: 355	
2012-01-24 07:09:34 (UTC)	8192 	Function sql_regcase() is deprecated	File: fns_tinybrowser.php	Line: 355	
2012-01-24 07:09:34 (UTC)	8192 	Function sql_regcase() is deprecated	File: fns_tinybrowser.php	Line: 371	
2012-01-24 07:09:34 (UTC)	8192 	Function sql_regcase() is deprecated	File: fns_tinybrowser.php	Line: 371	
2012-01-24 07:09:34 (UTC)	8192 	Function sql_regcase() is deprecated	File: fns_tinybrowser.php	Line: 371	
2012-01-24 07:09:34 (UTC)	8192 	Function sql_regcase() is deprecated	File: fns_tinybrowser.php	Line: 371	
2012-01-24 07:09:34 (UTC)	8192 	Function sql_regcase() is deprecated	File: fns_tinybrowser.php	Line: 371	
2012-01-24 07:09:34 (UTC)	8192 	Function sql_regcase() is deprecated	File: fns_tinybrowser.php	Line: 371	
2012-01-24 07:09:34 (UTC)	8192 	Function sql_regcase() is deprecated	File: fns_tinybrowser.php	Line: 371	
2012-01-24 07:09:34 (UTC)	8192 	Function sql_regcase() is deprecated	File: fns_tinybrowser.php	Line: 371	
2012-01-24 07:09:43 (UTC)	8192 	Function sql_regcase() is deprecated	File: fns_tinybrowser.php	Line: 355	
2012-01-24 07:09:43 (UTC)	8192 	Function sql_regcase() is deprecated	File: fns_tinybrowser.php	Line: 355	
2012-01-24 07:09:43 (UTC)	8192 	Function sql_regcase() is deprecated	File: fns_tinybrowser.php	Line: 355	
2012-01-24 07:09:43 (UTC)	8192 	Function sql_regcase() is deprecated	File: fns_tinybrowser.php	Line: 355	
2012-01-24 07:09:43 (UTC)	8192 	Function sql_regcase() is deprecated	File: fns_tinybrowser.php	Line: 371	
2012-01-24 07:09:43 (UTC)	8192 	Function sql_regcase() is deprecated	File: fns_tinybrowser.php	Line: 371	
2012-01-24 07:09:43 (UTC)	8192 	Function sql_regcase() is deprecated	File: fns_tinybrowser.php	Line: 371	
2012-01-24 07:09:43 (UTC)	8192 	Function sql_regcase() is deprecated	File: fns_tinybrowser.php	Line: 371	
2012-01-24 07:09:43 (UTC)	8192 	Function sql_regcase() is deprecated	File: fns_tinybrowser.php	Line: 371	
2012-01-24 07:09:43 (UTC)	8192 	Function sql_regcase() is deprecated	File: fns_tinybrowser.php	Line: 371	
2012-01-24 07:09:43 (UTC)	8192 	Function sql_regcase() is deprecated	File: fns_tinybrowser.php	Line: 371	
2012-01-24 07:09:43 (UTC)	8192 	Function sql_regcase() is deprecated	File: fns_tinybrowser.php	Line: 371	
2012-01-24 18:49:37 (UTC)	8192 	Function sql_regcase() is deprecated	File: fns_tinybrowser.php	Line: 355	
2012-01-24 18:49:37 (UTC)	8192 	Function sql_regcase() is deprecated	File: fns_tinybrowser.php	Line: 355	
2012-01-24 18:49:37 (UTC)	8192 	Function sql_regcase() is deprecated	File: fns_tinybrowser.php	Line: 355	
2012-01-24 18:49:37 (UTC)	8192 	Function sql_regcase() is deprecated	File: fns_tinybrowser.php	Line: 355	
2012-01-24 18:49:37 (UTC)	8192 	Function sql_regcase() is deprecated	File: fns_tinybrowser.php	Line: 371	
2012-01-24 18:49:37 (UTC)	8192 	Function sql_regcase() is deprecated	File: fns_tinybrowser.php	Line: 371	
2012-01-24 18:49:37 (UTC)	8192 	Function sql_regcase() is deprecated	File: fns_tinybrowser.php	Line: 371	
2012-01-24 18:49:37 (UTC)	8192 	Function sql_regcase() is deprecated	File: fns_tinybrowser.php	Line: 371	
2012-01-24 18:49:37 (UTC)	8192 	Function sql_regcase() is deprecated	File: fns_tinybrowser.php	Line: 371	
2012-01-24 18:49:37 (UTC)	8192 	Function sql_regcase() is deprecated	File: fns_tinybrowser.php	Line: 371	
2012-01-24 18:49:37 (UTC)	8192 	Function sql_regcase() is deprecated	File: fns_tinybrowser.php	Line: 371	
2012-01-24 18:49:37 (UTC)	8192 	Function sql_regcase() is deprecated	File: fns_tinybrowser.php	Line: 371	
2012-01-24 19:43:47 (UTC)	8192 	Function sql_regcase() is deprecated	File: fns_tinybrowser.php	Line: 355	
2012-01-24 19:43:47 (UTC)	8192 	Function sql_regcase() is deprecated	File: fns_tinybrowser.php	Line: 355	
2012-01-24 19:43:47 (UTC)	8192 	Function sql_regcase() is deprecated	File: fns_tinybrowser.php	Line: 355	
2012-01-24 19:43:47 (UTC)	8192 	Function sql_regcase() is deprecated	File: fns_tinybrowser.php	Line: 355	
2012-01-24 19:43:47 (UTC)	8192 	Function sql_regcase() is deprecated	File: fns_tinybrowser.php	Line: 371	
2012-01-24 19:43:47 (UTC)	8192 	Function sql_regcase() is deprecated	File: fns_tinybrowser.php	Line: 371	
2012-01-24 19:43:47 (UTC)	8192 	Function sql_regcase() is deprecated	File: fns_tinybrowser.php	Line: 371	
2012-01-24 19:43:47 (UTC)	8192 	Function sql_regcase() is deprecated	File: fns_tinybrowser.php	Line: 371	
2012-01-24 19:43:47 (UTC)	8192 	Function sql_regcase() is deprecated	File: fns_tinybrowser.php	Line: 371	
2012-01-24 19:43:47 (UTC)	8192 	Function sql_regcase() is deprecated	File: fns_tinybrowser.php	Line: 371	
2012-01-24 19:43:47 (UTC)	8192 	Function sql_regcase() is deprecated	File: fns_tinybrowser.php	Line: 371	
2012-01-24 19:43:47 (UTC)	8192 	Function sql_regcase() is deprecated	File: fns_tinybrowser.php	Line: 371	
2012-01-24 19:53:03 (UTC)	8 Notice	Undefined index: sessioncheck	File: edit.php	Line: 17	
2012-01-24 19:53:07 (UTC)	8192 	Function sql_regcase() is deprecated	File: fns_tinybrowser.php	Line: 355	
2012-01-24 19:53:07 (UTC)	8192 	Function sql_regcase() is deprecated	File: fns_tinybrowser.php	Line: 355	
2012-01-24 19:53:07 (UTC)	8192 	Function sql_regcase() is deprecated	File: fns_tinybrowser.php	Line: 355	
2012-01-24 19:53:07 (UTC)	8192 	Function sql_regcase() is deprecated	File: fns_tinybrowser.php	Line: 355	
2012-01-24 19:53:07 (UTC)	8192 	Function sql_regcase() is deprecated	File: fns_tinybrowser.php	Line: 371	
2012-01-24 19:53:07 (UTC)	8192 	Function sql_regcase() is deprecated	File: fns_tinybrowser.php	Line: 371	
2012-01-24 19:53:07 (UTC)	8192 	Function sql_regcase() is deprecated	File: fns_tinybrowser.php	Line: 371	
2012-01-24 19:53:07 (UTC)	8192 	Function sql_regcase() is deprecated	File: fns_tinybrowser.php	Line: 371	
2012-01-24 19:53:07 (UTC)	8192 	Function sql_regcase() is deprecated	File: fns_tinybrowser.php	Line: 371	
2012-01-24 19:53:07 (UTC)	8192 	Function sql_regcase() is deprecated	File: fns_tinybrowser.php	Line: 371	
2012-01-24 19:53:07 (UTC)	8192 	Function sql_regcase() is deprecated	File: fns_tinybrowser.php	Line: 371	
2012-01-24 19:53:07 (UTC)	8192 	Function sql_regcase() is deprecated	File: fns_tinybrowser.php	Line: 371	
2012-01-24 20:27:02 (UTC)	8 Notice	Undefined index: sessioncheck	File: edit.php	Line: 17	
2012-01-24 20:27:03 (UTC)	8192 	Function sql_regcase() is deprecated	File: fns_tinybrowser.php	Line: 355	
2012-01-24 20:27:03 (UTC)	8192 	Function sql_regcase() is deprecated	File: fns_tinybrowser.php	Line: 355	
2012-01-24 20:27:03 (UTC)	8192 	Function sql_regcase() is deprecated	File: fns_tinybrowser.php	Line: 355	
2012-01-24 20:27:03 (UTC)	8192 	Function sql_regcase() is deprecated	File: fns_tinybrowser.php	Line: 355	
2012-01-24 20:27:03 (UTC)	8192 	Function sql_regcase() is deprecated	File: fns_tinybrowser.php	Line: 371	
2012-01-24 20:27:03 (UTC)	8192 	Function sql_regcase() is deprecated	File: fns_tinybrowser.php	Line: 371	
2012-01-24 20:27:03 (UTC)	8192 	Function sql_regcase() is deprecated	File: fns_tinybrowser.php	Line: 371	
2012-01-24 20:27:03 (UTC)	8192 	Function sql_regcase() is deprecated	File: fns_tinybrowser.php	Line: 371	
2012-01-24 20:27:03 (UTC)	8192 	Function sql_regcase() is deprecated	File: fns_tinybrowser.php	Line: 371	
2012-01-24 20:27:03 (UTC)	8192 	Function sql_regcase() is deprecated	File: fns_tinybrowser.php	Line: 371	
2012-01-24 20:27:03 (UTC)	8192 	Function sql_regcase() is deprecated	File: fns_tinybrowser.php	Line: 371	
2012-01-24 20:27:03 (UTC)	8192 	Function sql_regcase() is deprecated	File: fns_tinybrowser.php	Line: 371	
2012-01-24 20:27:22 (UTC)	8192 	Function sql_regcase() is deprecated	File: fns_tinybrowser.php	Line: 355	
2012-01-24 20:27:22 (UTC)	8192 	Function sql_regcase() is deprecated	File: fns_tinybrowser.php	Line: 355	
2012-01-24 20:27:22 (UTC)	8192 	Function sql_regcase() is deprecated	File: fns_tinybrowser.php	Line: 355	
2012-01-24 20:27:22 (UTC)	8192 	Function sql_regcase() is deprecated	File: fns_tinybrowser.php	Line: 355	
2012-01-24 20:27:22 (UTC)	8192 	Function sql_regcase() is deprecated	File: fns_tinybrowser.php	Line: 371	
2012-01-24 20:27:22 (UTC)	8192 	Function sql_regcase() is deprecated	File: fns_tinybrowser.php	Line: 371	
2012-01-24 20:27:22 (UTC)	8192 	Function sql_regcase() is deprecated	File: fns_tinybrowser.php	Line: 371	
2012-01-24 20:27:22 (UTC)	8192 	Function sql_regcase() is deprecated	File: fns_tinybrowser.php	Line: 371	
2012-01-24 20:27:22 (UTC)	8192 	Function sql_regcase() is deprecated	File: fns_tinybrowser.php	Line: 371	
2012-01-24 20:27:22 (UTC)	8192 	Function sql_regcase() is deprecated	File: fns_tinybrowser.php	Line: 371	
2012-01-24 20:27:22 (UTC)	8192 	Function sql_regcase() is deprecated	File: fns_tinybrowser.php	Line: 371	
2012-01-24 20:27:22 (UTC)	8192 	Function sql_regcase() is deprecated	File: fns_tinybrowser.php	Line: 371	
2012-01-24 20:27:38 (UTC)	8192 	Function sql_regcase() is deprecated	File: fns_tinybrowser.php	Line: 355	
2012-01-24 20:27:38 (UTC)	8192 	Function sql_regcase() is deprecated	File: fns_tinybrowser.php	Line: 355	
2012-01-24 20:27:38 (UTC)	8192 	Function sql_regcase() is deprecated	File: fns_tinybrowser.php	Line: 355	
2012-01-24 20:27:38 (UTC)	8192 	Function sql_regcase() is deprecated	File: fns_tinybrowser.php	Line: 355	
2012-01-24 20:27:38 (UTC)	8192 	Function sql_regcase() is deprecated	File: fns_tinybrowser.php	Line: 371	
2012-01-24 20:27:38 (UTC)	8192 	Function sql_regcase() is deprecated	File: fns_tinybrowser.php	Line: 371	
2012-01-24 20:27:38 (UTC)	8192 	Function sql_regcase() is deprecated	File: fns_tinybrowser.php	Line: 371	
2012-01-24 20:27:38 (UTC)	8192 	Function sql_regcase() is deprecated	File: fns_tinybrowser.php	Line: 371	
2012-01-24 20:27:38 (UTC)	8192 	Function sql_regcase() is deprecated	File: fns_tinybrowser.php	Line: 371	
2012-01-24 20:27:38 (UTC)	8192 	Function sql_regcase() is deprecated	File: fns_tinybrowser.php	Line: 371	
2012-01-24 20:27:38 (UTC)	8192 	Function sql_regcase() is deprecated	File: fns_tinybrowser.php	Line: 371	
2012-01-24 20:27:38 (UTC)	8192 	Function sql_regcase() is deprecated	File: fns_tinybrowser.php	Line: 371	
2012-01-24 20:27:41 (UTC)	8192 	Function sql_regcase() is deprecated	File: fns_tinybrowser.php	Line: 355	
2012-01-24 20:27:41 (UTC)	8192 	Function sql_regcase() is deprecated	File: fns_tinybrowser.php	Line: 355	
2012-01-24 20:27:41 (UTC)	8192 	Function sql_regcase() is deprecated	File: fns_tinybrowser.php	Line: 355	
2012-01-24 20:27:41 (UTC)	8192 	Function sql_regcase() is deprecated	File: fns_tinybrowser.php	Line: 355	
2012-01-24 20:27:41 (UTC)	8192 	Function sql_regcase() is deprecated	File: fns_tinybrowser.php	Line: 371	
2012-01-24 20:27:41 (UTC)	8192 	Function sql_regcase() is deprecated	File: fns_tinybrowser.php	Line: 371	
2012-01-24 20:27:41 (UTC)	8192 	Function sql_regcase() is deprecated	File: fns_tinybrowser.php	Line: 371	
2012-01-24 20:27:41 (UTC)	8192 	Function sql_regcase() is deprecated	File: fns_tinybrowser.php	Line: 371	
2012-01-24 20:27:41 (UTC)	8192 	Function sql_regcase() is deprecated	File: fns_tinybrowser.php	Line: 371	
2012-01-24 20:27:41 (UTC)	8192 	Function sql_regcase() is deprecated	File: fns_tinybrowser.php	Line: 371	
2012-01-24 20:27:41 (UTC)	8192 	Function sql_regcase() is deprecated	File: fns_tinybrowser.php	Line: 371	
2012-01-24 20:27:41 (UTC)	8192 	Function sql_regcase() is deprecated	File: fns_tinybrowser.php	Line: 371	
2012-01-24 20:27:43 (UTC)	8192 	Function sql_regcase() is deprecated	File: fns_tinybrowser.php	Line: 355	
2012-01-24 20:27:43 (UTC)	8192 	Function sql_regcase() is deprecated	File: fns_tinybrowser.php	Line: 355	
2012-01-24 20:27:43 (UTC)	8192 	Function sql_regcase() is deprecated	File: fns_tinybrowser.php	Line: 355	
2012-01-24 20:27:43 (UTC)	8192 	Function sql_regcase() is deprecated	File: fns_tinybrowser.php	Line: 355	
2012-01-24 20:27:43 (UTC)	8192 	Function sql_regcase() is deprecated	File: fns_tinybrowser.php	Line: 371	
2012-01-24 20:27:43 (UTC)	8192 	Function sql_regcase() is deprecated	File: fns_tinybrowser.php	Line: 371	
2012-01-24 20:27:43 (UTC)	8192 	Function sql_regcase() is deprecated	File: fns_tinybrowser.php	Line: 371	
2012-01-24 20:27:43 (UTC)	8192 	Function sql_regcase() is deprecated	File: fns_tinybrowser.php	Line: 371	
2012-01-24 20:27:43 (UTC)	8192 	Function sql_regcase() is deprecated	File: fns_tinybrowser.php	Line: 371	
2012-01-24 20:27:43 (UTC)	8192 	Function sql_regcase() is deprecated	File: fns_tinybrowser.php	Line: 371	
2012-01-24 20:27:43 (UTC)	8192 	Function sql_regcase() is deprecated	File: fns_tinybrowser.php	Line: 371	
2012-01-24 20:27:43 (UTC)	8192 	Function sql_regcase() is deprecated	File: fns_tinybrowser.php	Line: 371	
2012-01-24 20:27:49 (UTC)	8192 	Function sql_regcase() is deprecated	File: fns_tinybrowser.php	Line: 355	
2012-01-24 20:27:49 (UTC)	8192 	Function sql_regcase() is deprecated	File: fns_tinybrowser.php	Line: 355	
2012-01-24 20:27:49 (UTC)	8192 	Function sql_regcase() is deprecated	File: fns_tinybrowser.php	Line: 355	
2012-01-24 20:27:49 (UTC)	8192 	Function sql_regcase() is deprecated	File: fns_tinybrowser.php	Line: 355	
2012-01-24 20:27:49 (UTC)	8192 	Function sql_regcase() is deprecated	File: fns_tinybrowser.php	Line: 371	
2012-01-24 20:27:49 (UTC)	8192 	Function sql_regcase() is deprecated	File: fns_tinybrowser.php	Line: 371	
2012-01-24 20:27:49 (UTC)	8192 	Function sql_regcase() is deprecated	File: fns_tinybrowser.php	Line: 371	
2012-01-24 20:27:49 (UTC)	8192 	Function sql_regcase() is deprecated	File: fns_tinybrowser.php	Line: 371	
2012-01-24 20:27:49 (UTC)	8192 	Function sql_regcase() is deprecated	File: fns_tinybrowser.php	Line: 371	
2012-01-24 20:27:49 (UTC)	8192 	Function sql_regcase() is deprecated	File: fns_tinybrowser.php	Line: 371	
2012-01-24 20:27:49 (UTC)	8192 	Function sql_regcase() is deprecated	File: fns_tinybrowser.php	Line: 371	
2012-01-24 20:27:49 (UTC)	8192 	Function sql_regcase() is deprecated	File: fns_tinybrowser.php	Line: 371	
2012-01-24 20:27:55 (UTC)	8192 	Function sql_regcase() is deprecated	File: fns_tinybrowser.php	Line: 355	
2012-01-24 20:27:55 (UTC)	8192 	Function sql_regcase() is deprecated	File: fns_tinybrowser.php	Line: 355	
2012-01-24 20:27:55 (UTC)	8192 	Function sql_regcase() is deprecated	File: fns_tinybrowser.php	Line: 355	
2012-01-24 20:27:55 (UTC)	8192 	Function sql_regcase() is deprecated	File: fns_tinybrowser.php	Line: 355	
2012-01-24 20:27:55 (UTC)	8192 	Function sql_regcase() is deprecated	File: fns_tinybrowser.php	Line: 371	
2012-01-24 20:27:55 (UTC)	8192 	Function sql_regcase() is deprecated	File: fns_tinybrowser.php	Line: 371	
2012-01-24 20:27:55 (UTC)	8192 	Function sql_regcase() is deprecated	File: fns_tinybrowser.php	Line: 371	
2012-01-24 20:27:55 (UTC)	8192 	Function sql_regcase() is deprecated	File: fns_tinybrowser.php	Line: 371	
2012-01-24 20:27:55 (UTC)	8192 	Function sql_regcase() is deprecated	File: fns_tinybrowser.php	Line: 371	
2012-01-24 20:27:55 (UTC)	8192 	Function sql_regcase() is deprecated	File: fns_tinybrowser.php	Line: 371	
2012-01-24 20:27:55 (UTC)	8192 	Function sql_regcase() is deprecated	File: fns_tinybrowser.php	Line: 371	
2012-01-24 20:27:55 (UTC)	8192 	Function sql_regcase() is deprecated	File: fns_tinybrowser.php	Line: 371	
2012-01-24 20:27:58 (UTC)	8192 	Function sql_regcase() is deprecated	File: fns_tinybrowser.php	Line: 355	
2012-01-24 20:27:58 (UTC)	8192 	Function sql_regcase() is deprecated	File: fns_tinybrowser.php	Line: 355	
2012-01-24 20:27:58 (UTC)	8192 	Function sql_regcase() is deprecated	File: fns_tinybrowser.php	Line: 355	
2012-01-24 20:27:58 (UTC)	8192 	Function sql_regcase() is deprecated	File: fns_tinybrowser.php	Line: 355	
2012-01-24 20:27:58 (UTC)	8192 	Function sql_regcase() is deprecated	File: fns_tinybrowser.php	Line: 371	
2012-01-24 20:27:58 (UTC)	8192 	Function sql_regcase() is deprecated	File: fns_tinybrowser.php	Line: 371	
2012-01-24 20:27:58 (UTC)	8192 	Function sql_regcase() is deprecated	File: fns_tinybrowser.php	Line: 371	
2012-01-24 20:27:58 (UTC)	8192 	Function sql_regcase() is deprecated	File: fns_tinybrowser.php	Line: 371	
2012-01-24 20:27:58 (UTC)	8192 	Function sql_regcase() is deprecated	File: fns_tinybrowser.php	Line: 371	
2012-01-24 20:27:58 (UTC)	8192 	Function sql_regcase() is deprecated	File: fns_tinybrowser.php	Line: 371	
2012-01-24 20:27:58 (UTC)	8192 	Function sql_regcase() is deprecated	File: fns_tinybrowser.php	Line: 371	
2012-01-24 20:27:58 (UTC)	8192 	Function sql_regcase() is deprecated	File: fns_tinybrowser.php	Line: 371	
2012-01-24 20:28:04 (UTC)	8192 	Function sql_regcase() is deprecated	File: fns_tinybrowser.php	Line: 355	
2012-01-24 20:28:04 (UTC)	8192 	Function sql_regcase() is deprecated	File: fns_tinybrowser.php	Line: 355	
2012-01-24 20:28:04 (UTC)	8192 	Function sql_regcase() is deprecated	File: fns_tinybrowser.php	Line: 355	
2012-01-24 20:28:04 (UTC)	8192 	Function sql_regcase() is deprecated	File: fns_tinybrowser.php	Line: 355	
2012-01-24 20:28:04 (UTC)	8192 	Function sql_regcase() is deprecated	File: fns_tinybrowser.php	Line: 371	
2012-01-24 20:28:04 (UTC)	8192 	Function sql_regcase() is deprecated	File: fns_tinybrowser.php	Line: 371	
2012-01-24 20:28:04 (UTC)	8192 	Function sql_regcase() is deprecated	File: fns_tinybrowser.php	Line: 371	
2012-01-24 20:28:04 (UTC)	8192 	Function sql_regcase() is deprecated	File: fns_tinybrowser.php	Line: 371	
2012-01-24 20:28:04 (UTC)	8192 	Function sql_regcase() is deprecated	File: fns_tinybrowser.php	Line: 371	
2012-01-24 20:28:04 (UTC)	8192 	Function sql_regcase() is deprecated	File: fns_tinybrowser.php	Line: 371	
2012-01-24 20:28:04 (UTC)	8192 	Function sql_regcase() is deprecated	File: fns_tinybrowser.php	Line: 371	
2012-01-24 20:28:04 (UTC)	8192 	Function sql_regcase() is deprecated	File: fns_tinybrowser.php	Line: 371	
2012-01-24 20:28:08 (UTC)	8192 	Function sql_regcase() is deprecated	File: fns_tinybrowser.php	Line: 355	
2012-01-24 20:28:08 (UTC)	8192 	Function sql_regcase() is deprecated	File: fns_tinybrowser.php	Line: 355	
2012-01-24 20:28:08 (UTC)	8192 	Function sql_regcase() is deprecated	File: fns_tinybrowser.php	Line: 355	
2012-01-24 20:28:08 (UTC)	8192 	Function sql_regcase() is deprecated	File: fns_tinybrowser.php	Line: 355	
2012-01-24 20:28:08 (UTC)	8192 	Function sql_regcase() is deprecated	File: fns_tinybrowser.php	Line: 371	
2012-01-24 20:28:08 (UTC)	8192 	Function sql_regcase() is deprecated	File: fns_tinybrowser.php	Line: 371	
2012-01-24 20:28:08 (UTC)	8192 	Function sql_regcase() is deprecated	File: fns_tinybrowser.php	Line: 371	
2012-01-24 20:28:08 (UTC)	8192 	Function sql_regcase() is deprecated	File: fns_tinybrowser.php	Line: 371	
2012-01-24 20:28:08 (UTC)	8192 	Function sql_regcase() is deprecated	File: fns_tinybrowser.php	Line: 371	
2012-01-24 20:28:08 (UTC)	8192 	Function sql_regcase() is deprecated	File: fns_tinybrowser.php	Line: 371	
2012-01-24 20:28:08 (UTC)	8192 	Function sql_regcase() is deprecated	File: fns_tinybrowser.php	Line: 371	
2012-01-24 20:28:08 (UTC)	8192 	Function sql_regcase() is deprecated	File: fns_tinybrowser.php	Line: 371	
2012-01-24 20:28:14 (UTC)	8192 	Function sql_regcase() is deprecated	File: fns_tinybrowser.php	Line: 355	
2012-01-24 20:28:14 (UTC)	8192 	Function sql_regcase() is deprecated	File: fns_tinybrowser.php	Line: 355	
2012-01-24 20:28:14 (UTC)	8192 	Function sql_regcase() is deprecated	File: fns_tinybrowser.php	Line: 355	
2012-01-24 20:28:14 (UTC)	8192 	Function sql_regcase() is deprecated	File: fns_tinybrowser.php	Line: 355	
2012-01-24 20:28:14 (UTC)	8192 	Function sql_regcase() is deprecated	File: fns_tinybrowser.php	Line: 371	
2012-01-24 20:28:14 (UTC)	8192 	Function sql_regcase() is deprecated	File: fns_tinybrowser.php	Line: 371	
2012-01-24 20:28:14 (UTC)	8192 	Function sql_regcase() is deprecated	File: fns_tinybrowser.php	Line: 371	
2012-01-24 20:28:14 (UTC)	8192 	Function sql_regcase() is deprecated	File: fns_tinybrowser.php	Line: 371	
2012-01-24 20:28:14 (UTC)	8192 	Function sql_regcase() is deprecated	File: fns_tinybrowser.php	Line: 371	
2012-01-24 20:28:14 (UTC)	8192 	Function sql_regcase() is deprecated	File: fns_tinybrowser.php	Line: 371	
2012-01-24 20:28:14 (UTC)	8192 	Function sql_regcase() is deprecated	File: fns_tinybrowser.php	Line: 371	
2012-01-24 20:28:14 (UTC)	8192 	Function sql_regcase() is deprecated	File: fns_tinybrowser.php	Line: 371	
2012-01-24 20:28:22 (UTC)	8192 	Function sql_regcase() is deprecated	File: fns_tinybrowser.php	Line: 355	
2012-01-24 20:28:22 (UTC)	8192 	Function sql_regcase() is deprecated	File: fns_tinybrowser.php	Line: 355	
2012-01-24 20:28:22 (UTC)	8192 	Function sql_regcase() is deprecated	File: fns_tinybrowser.php	Line: 355	
2012-01-24 20:28:22 (UTC)	8192 	Function sql_regcase() is deprecated	File: fns_tinybrowser.php	Line: 355	
2012-01-24 20:28:22 (UTC)	8192 	Function sql_regcase() is deprecated	File: fns_tinybrowser.php	Line: 371	
2012-01-24 20:28:22 (UTC)	8192 	Function sql_regcase() is deprecated	File: fns_tinybrowser.php	Line: 371	
2012-01-24 20:28:22 (UTC)	8192 	Function sql_regcase() is deprecated	File: fns_tinybrowser.php	Line: 371	
2012-01-24 20:28:22 (UTC)	8192 	Function sql_regcase() is deprecated	File: fns_tinybrowser.php	Line: 371	
2012-01-24 20:28:22 (UTC)	8192 	Function sql_regcase() is deprecated	File: fns_tinybrowser.php	Line: 371	
2012-01-24 20:28:22 (UTC)	8192 	Function sql_regcase() is deprecated	File: fns_tinybrowser.php	Line: 371	
2012-01-24 20:28:22 (UTC)	8192 	Function sql_regcase() is deprecated	File: fns_tinybrowser.php	Line: 371	
2012-01-24 20:28:22 (UTC)	8192 	Function sql_regcase() is deprecated	File: fns_tinybrowser.php	Line: 371	
2012-01-26 05:33:23 (UTC)	8192 	Function sql_regcase() is deprecated	File: fns_tinybrowser.php	Line: 355	
2012-01-26 05:33:23 (UTC)	8192 	Function sql_regcase() is deprecated	File: fns_tinybrowser.php	Line: 355	
2012-01-26 05:33:23 (UTC)	8192 	Function sql_regcase() is deprecated	File: fns_tinybrowser.php	Line: 355	
2012-01-26 05:33:23 (UTC)	8192 	Function sql_regcase() is deprecated	File: fns_tinybrowser.php	Line: 355	
2012-01-26 05:33:23 (UTC)	8192 	Function sql_regcase() is deprecated	File: fns_tinybrowser.php	Line: 371	
2012-01-26 05:33:23 (UTC)	8192 	Function sql_regcase() is deprecated	File: fns_tinybrowser.php	Line: 371	
2012-01-26 05:33:23 (UTC)	8192 	Function sql_regcase() is deprecated	File: fns_tinybrowser.php	Line: 371	
2012-01-26 05:33:23 (UTC)	8192 	Function sql_regcase() is deprecated	File: fns_tinybrowser.php	Line: 371	
2012-01-26 05:33:23 (UTC)	8192 	Function sql_regcase() is deprecated	File: fns_tinybrowser.php	Line: 371	
2012-01-26 05:33:23 (UTC)	8192 	Function sql_regcase() is deprecated	File: fns_tinybrowser.php	Line: 371	
2012-01-26 05:33:23 (UTC)	8192 	Function sql_regcase() is deprecated	File: fns_tinybrowser.php	Line: 371	
2012-01-26 05:33:23 (UTC)	8192 	Function sql_regcase() is deprecated	File: fns_tinybrowser.php	Line: 371	
2012-01-26 05:33:34 (UTC)	8 Notice	Undefined index: sessioncheck	File: edit.php	Line: 17	
2012-01-26 05:33:37 (UTC)	8192 	Function sql_regcase() is deprecated	File: fns_tinybrowser.php	Line: 355	
2012-01-26 05:33:37 (UTC)	8192 	Function sql_regcase() is deprecated	File: fns_tinybrowser.php	Line: 355	
2012-01-26 05:33:37 (UTC)	8192 	Function sql_regcase() is deprecated	File: fns_tinybrowser.php	Line: 355	
2012-01-26 05:33:37 (UTC)	8192 	Function sql_regcase() is deprecated	File: fns_tinybrowser.php	Line: 355	
2012-01-26 05:33:37 (UTC)	8192 	Function sql_regcase() is deprecated	File: fns_tinybrowser.php	Line: 371	
2012-01-26 05:33:37 (UTC)	8192 	Function sql_regcase() is deprecated	File: fns_tinybrowser.php	Line: 371	
2012-01-26 05:33:37 (UTC)	8192 	Function sql_regcase() is deprecated	File: fns_tinybrowser.php	Line: 371	
2012-01-26 05:33:37 (UTC)	8192 	Function sql_regcase() is deprecated	File: fns_tinybrowser.php	Line: 371	
2012-01-26 05:33:37 (UTC)	8192 	Function sql_regcase() is deprecated	File: fns_tinybrowser.php	Line: 371	
2012-01-26 05:33:37 (UTC)	8192 	Function sql_regcase() is deprecated	File: fns_tinybrowser.php	Line: 371	
2012-01-26 05:33:37 (UTC)	8192 	Function sql_regcase() is deprecated	File: fns_tinybrowser.php	Line: 371	
2012-01-26 05:33:37 (UTC)	8192 	Function sql_regcase() is deprecated	File: fns_tinybrowser.php	Line: 371	
2012-01-26 05:33:39 (UTC)	8192 	Function sql_regcase() is deprecated	File: fns_tinybrowser.php	Line: 355	
2012-01-26 05:33:39 (UTC)	8192 	Function sql_regcase() is deprecated	File: fns_tinybrowser.php	Line: 355	
2012-01-26 05:33:39 (UTC)	8192 	Function sql_regcase() is deprecated	File: fns_tinybrowser.php	Line: 355	
2012-01-26 05:33:39 (UTC)	8192 	Function sql_regcase() is deprecated	File: fns_tinybrowser.php	Line: 355	
2012-01-26 05:33:39 (UTC)	8192 	Function sql_regcase() is deprecated	File: fns_tinybrowser.php	Line: 371	
2012-01-26 05:33:39 (UTC)	8192 	Function sql_regcase() is deprecated	File: fns_tinybrowser.php	Line: 371	
2012-01-26 05:33:39 (UTC)	8192 	Function sql_regcase() is deprecated	File: fns_tinybrowser.php	Line: 371	
2012-01-26 05:33:39 (UTC)	8192 	Function sql_regcase() is deprecated	File: fns_tinybrowser.php	Line: 371	
2012-01-26 05:33:39 (UTC)	8192 	Function sql_regcase() is deprecated	File: fns_tinybrowser.php	Line: 371	
2012-01-26 05:33:39 (UTC)	8192 	Function sql_regcase() is deprecated	File: fns_tinybrowser.php	Line: 371	
2012-01-26 05:33:39 (UTC)	8192 	Function sql_regcase() is deprecated	File: fns_tinybrowser.php	Line: 371	
2012-01-26 05:33:39 (UTC)	8192 	Function sql_regcase() is deprecated	File: fns_tinybrowser.php	Line: 371	
2012-01-27 03:13:57 (UTC)	8192 	Function sql_regcase() is deprecated	File: fns_tinybrowser.php	Line: 355	
2012-01-27 03:13:57 (UTC)	8192 	Function sql_regcase() is deprecated	File: fns_tinybrowser.php	Line: 355	
2012-01-27 03:13:57 (UTC)	8192 	Function sql_regcase() is deprecated	File: fns_tinybrowser.php	Line: 355	
2012-01-27 03:13:57 (UTC)	8192 	Function sql_regcase() is deprecated	File: fns_tinybrowser.php	Line: 355	
2012-01-27 03:13:57 (UTC)	8192 	Function sql_regcase() is deprecated	File: fns_tinybrowser.php	Line: 371	
2012-01-27 03:13:57 (UTC)	8192 	Function sql_regcase() is deprecated	File: fns_tinybrowser.php	Line: 371	
2012-01-27 03:13:57 (UTC)	8192 	Function sql_regcase() is deprecated	File: fns_tinybrowser.php	Line: 371	
2012-01-27 03:13:57 (UTC)	8192 	Function sql_regcase() is deprecated	File: fns_tinybrowser.php	Line: 371	
2012-01-27 03:13:57 (UTC)	8192 	Function sql_regcase() is deprecated	File: fns_tinybrowser.php	Line: 371	
2012-01-27 03:13:57 (UTC)	8192 	Function sql_regcase() is deprecated	File: fns_tinybrowser.php	Line: 371	
2012-01-27 03:13:57 (UTC)	8192 	Function sql_regcase() is deprecated	File: fns_tinybrowser.php	Line: 371	
2012-01-27 03:13:57 (UTC)	8192 	Function sql_regcase() is deprecated	File: fns_tinybrowser.php	Line: 371	
2012-01-27 03:14:08 (UTC)	8192 	Function sql_regcase() is deprecated	File: fns_tinybrowser.php	Line: 355	
2012-01-27 03:14:08 (UTC)	8192 	Function sql_regcase() is deprecated	File: fns_tinybrowser.php	Line: 355	
2012-01-27 03:14:08 (UTC)	8192 	Function sql_regcase() is deprecated	File: fns_tinybrowser.php	Line: 355	
2012-01-27 03:14:08 (UTC)	8192 	Function sql_regcase() is deprecated	File: fns_tinybrowser.php	Line: 355	
2012-01-27 03:14:08 (UTC)	8192 	Function sql_regcase() is deprecated	File: fns_tinybrowser.php	Line: 371	
2012-01-27 03:14:08 (UTC)	8192 	Function sql_regcase() is deprecated	File: fns_tinybrowser.php	Line: 371	
2012-01-27 03:14:08 (UTC)	8192 	Function sql_regcase() is deprecated	File: fns_tinybrowser.php	Line: 371	
2012-01-27 03:14:08 (UTC)	8192 	Function sql_regcase() is deprecated	File: fns_tinybrowser.php	Line: 371	
2012-01-27 03:14:08 (UTC)	8192 	Function sql_regcase() is deprecated	File: fns_tinybrowser.php	Line: 371	
2012-01-27 03:14:08 (UTC)	8192 	Function sql_regcase() is deprecated	File: fns_tinybrowser.php	Line: 371	
2012-01-27 03:14:08 (UTC)	8192 	Function sql_regcase() is deprecated	File: fns_tinybrowser.php	Line: 371	
2012-01-27 03:14:08 (UTC)	8192 	Function sql_regcase() is deprecated	File: fns_tinybrowser.php	Line: 371	
2012-01-27 03:14:26 (UTC)	8192 	Function sql_regcase() is deprecated	File: fns_tinybrowser.php	Line: 355	
2012-01-27 03:14:26 (UTC)	8192 	Function sql_regcase() is deprecated	File: fns_tinybrowser.php	Line: 355	
2012-01-27 03:14:26 (UTC)	8192 	Function sql_regcase() is deprecated	File: fns_tinybrowser.php	Line: 355	
2012-01-27 03:14:26 (UTC)	8192 	Function sql_regcase() is deprecated	File: fns_tinybrowser.php	Line: 355	
2012-01-27 03:14:26 (UTC)	8192 	Function sql_regcase() is deprecated	File: fns_tinybrowser.php	Line: 371	
2012-01-27 03:14:26 (UTC)	8192 	Function sql_regcase() is deprecated	File: fns_tinybrowser.php	Line: 371	
2012-01-27 03:14:26 (UTC)	8192 	Function sql_regcase() is deprecated	File: fns_tinybrowser.php	Line: 371	
2012-01-27 03:14:26 (UTC)	8192 	Function sql_regcase() is deprecated	File: fns_tinybrowser.php	Line: 371	
2012-01-27 03:14:26 (UTC)	8192 	Function sql_regcase() is deprecated	File: fns_tinybrowser.php	Line: 371	
2012-01-27 03:14:26 (UTC)	8192 	Function sql_regcase() is deprecated	File: fns_tinybrowser.php	Line: 371	
2012-01-27 03:14:26 (UTC)	8192 	Function sql_regcase() is deprecated	File: fns_tinybrowser.php	Line: 371	
2012-01-27 03:14:26 (UTC)	8192 	Function sql_regcase() is deprecated	File: fns_tinybrowser.php	Line: 371	
2012-01-27 03:14:29 (UTC)	8192 	Function sql_regcase() is deprecated	File: fns_tinybrowser.php	Line: 355	
2012-01-27 03:14:29 (UTC)	8192 	Function sql_regcase() is deprecated	File: fns_tinybrowser.php	Line: 355	
2012-01-27 03:14:29 (UTC)	8192 	Function sql_regcase() is deprecated	File: fns_tinybrowser.php	Line: 355	
2012-01-27 03:14:29 (UTC)	8192 	Function sql_regcase() is deprecated	File: fns_tinybrowser.php	Line: 355	
2012-01-27 03:14:29 (UTC)	8192 	Function sql_regcase() is deprecated	File: fns_tinybrowser.php	Line: 371	
2012-01-27 03:14:29 (UTC)	8192 	Function sql_regcase() is deprecated	File: fns_tinybrowser.php	Line: 371	
2012-01-27 03:14:29 (UTC)	8192 	Function sql_regcase() is deprecated	File: fns_tinybrowser.php	Line: 371	
2012-01-27 03:14:29 (UTC)	8192 	Function sql_regcase() is deprecated	File: fns_tinybrowser.php	Line: 371	
2012-01-27 03:14:29 (UTC)	8192 	Function sql_regcase() is deprecated	File: fns_tinybrowser.php	Line: 371	
2012-01-27 03:14:29 (UTC)	8192 	Function sql_regcase() is deprecated	File: fns_tinybrowser.php	Line: 371	
2012-01-27 03:14:29 (UTC)	8192 	Function sql_regcase() is deprecated	File: fns_tinybrowser.php	Line: 371	
2012-01-27 03:14:29 (UTC)	8192 	Function sql_regcase() is deprecated	File: fns_tinybrowser.php	Line: 371	
2012-01-27 03:14:38 (UTC)	8192 	Function sql_regcase() is deprecated	File: fns_tinybrowser.php	Line: 355	
2012-01-27 03:14:38 (UTC)	8192 	Function sql_regcase() is deprecated	File: fns_tinybrowser.php	Line: 355	
2012-01-27 03:14:38 (UTC)	8192 	Function sql_regcase() is deprecated	File: fns_tinybrowser.php	Line: 355	
2012-01-27 03:14:38 (UTC)	8192 	Function sql_regcase() is deprecated	File: fns_tinybrowser.php	Line: 355	
2012-01-27 03:14:38 (UTC)	8192 	Function sql_regcase() is deprecated	File: fns_tinybrowser.php	Line: 371	
2012-01-27 03:14:38 (UTC)	8192 	Function sql_regcase() is deprecated	File: fns_tinybrowser.php	Line: 371	
2012-01-27 03:14:38 (UTC)	8192 	Function sql_regcase() is deprecated	File: fns_tinybrowser.php	Line: 371	
2012-01-27 03:14:38 (UTC)	8192 	Function sql_regcase() is deprecated	File: fns_tinybrowser.php	Line: 371	
2012-01-27 03:14:38 (UTC)	8192 	Function sql_regcase() is deprecated	File: fns_tinybrowser.php	Line: 371	
2012-01-27 03:14:38 (UTC)	8192 	Function sql_regcase() is deprecated	File: fns_tinybrowser.php	Line: 371	
2012-01-27 03:14:38 (UTC)	8192 	Function sql_regcase() is deprecated	File: fns_tinybrowser.php	Line: 371	
2012-01-27 03:14:38 (UTC)	8192 	Function sql_regcase() is deprecated	File: fns_tinybrowser.php	Line: 371	
2012-01-27 03:15:17 (UTC)	8192 	Function sql_regcase() is deprecated	File: fns_tinybrowser.php	Line: 355	
2012-01-27 03:15:17 (UTC)	8192 	Function sql_regcase() is deprecated	File: fns_tinybrowser.php	Line: 371	
2012-01-27 03:15:21 (UTC)	8192 	Function sql_regcase() is deprecated	File: fns_tinybrowser.php	Line: 355	
2012-01-27 03:15:21 (UTC)	8192 	Function sql_regcase() is deprecated	File: fns_tinybrowser.php	Line: 371	
2012-01-27 03:15:34 (UTC)	8192 	Function sql_regcase() is deprecated	File: fns_tinybrowser.php	Line: 355	
2012-01-27 03:15:34 (UTC)	8192 	Function sql_regcase() is deprecated	File: fns_tinybrowser.php	Line: 371	
2012-01-27 03:47:04 (UTC)	8192 	Function sql_regcase() is deprecated	File: fns_tinybrowser.php	Line: 355	
2012-01-27 03:47:04 (UTC)	8192 	Function sql_regcase() is deprecated	File: fns_tinybrowser.php	Line: 371	
2012-01-27 03:47:18 (UTC)	8192 	Function sql_regcase() is deprecated	File: fns_tinybrowser.php	Line: 355	
2012-01-27 03:47:18 (UTC)	8192 	Function sql_regcase() is deprecated	File: fns_tinybrowser.php	Line: 371	
2012-01-27 03:47:20 (UTC)	8192 	Function sql_regcase() is deprecated	File: fns_tinybrowser.php	Line: 355	
2012-01-27 03:47:20 (UTC)	8192 	Function sql_regcase() is deprecated	File: fns_tinybrowser.php	Line: 371	
2012-01-27 03:47:25 (UTC)	8192 	Function sql_regcase() is deprecated	File: fns_tinybrowser.php	Line: 355	
2012-01-27 03:47:25 (UTC)	8192 	Function sql_regcase() is deprecated	File: fns_tinybrowser.php	Line: 371	
2012-01-27 03:47:28 (UTC)	8192 	Function sql_regcase() is deprecated	File: fns_tinybrowser.php	Line: 355	
2012-01-27 03:47:28 (UTC)	8192 	Function sql_regcase() is deprecated	File: fns_tinybrowser.php	Line: 355	
2012-01-27 03:47:28 (UTC)	8192 	Function sql_regcase() is deprecated	File: fns_tinybrowser.php	Line: 355	
2012-01-27 03:47:28 (UTC)	8192 	Function sql_regcase() is deprecated	File: fns_tinybrowser.php	Line: 355	
2012-01-27 03:47:28 (UTC)	8192 	Function sql_regcase() is deprecated	File: fns_tinybrowser.php	Line: 371	
2012-01-27 03:47:28 (UTC)	8192 	Function sql_regcase() is deprecated	File: fns_tinybrowser.php	Line: 371	
2012-01-27 03:47:28 (UTC)	8192 	Function sql_regcase() is deprecated	File: fns_tinybrowser.php	Line: 371	
2012-01-27 03:47:28 (UTC)	8192 	Function sql_regcase() is deprecated	File: fns_tinybrowser.php	Line: 371	
2012-01-27 03:47:28 (UTC)	8192 	Function sql_regcase() is deprecated	File: fns_tinybrowser.php	Line: 371	
2012-01-27 03:47:28 (UTC)	8192 	Function sql_regcase() is deprecated	File: fns_tinybrowser.php	Line: 371	
2012-01-27 03:47:28 (UTC)	8192 	Function sql_regcase() is deprecated	File: fns_tinybrowser.php	Line: 371	
2012-01-27 03:47:28 (UTC)	8192 	Function sql_regcase() is deprecated	File: fns_tinybrowser.php	Line: 371	
2012-01-27 03:47:33 (UTC)	8192 	Function sql_regcase() is deprecated	File: fns_tinybrowser.php	Line: 355	
2012-01-27 03:47:33 (UTC)	8192 	Function sql_regcase() is deprecated	File: fns_tinybrowser.php	Line: 355	
2012-01-27 03:47:33 (UTC)	8192 	Function sql_regcase() is deprecated	File: fns_tinybrowser.php	Line: 355	
2012-01-27 03:47:33 (UTC)	8192 	Function sql_regcase() is deprecated	File: fns_tinybrowser.php	Line: 355	
2012-01-27 03:47:33 (UTC)	8192 	Function sql_regcase() is deprecated	File: fns_tinybrowser.php	Line: 371	
2012-01-27 03:47:33 (UTC)	8192 	Function sql_regcase() is deprecated	File: fns_tinybrowser.php	Line: 371	
2012-01-27 03:47:33 (UTC)	8192 	Function sql_regcase() is deprecated	File: fns_tinybrowser.php	Line: 371	
2012-01-27 03:47:33 (UTC)	8192 	Function sql_regcase() is deprecated	File: fns_tinybrowser.php	Line: 371	
2012-01-27 03:47:33 (UTC)	8192 	Function sql_regcase() is deprecated	File: fns_tinybrowser.php	Line: 371	
2012-01-27 03:47:33 (UTC)	8192 	Function sql_regcase() is deprecated	File: fns_tinybrowser.php	Line: 371	
2012-01-27 03:47:33 (UTC)	8192 	Function sql_regcase() is deprecated	File: fns_tinybrowser.php	Line: 371	
2012-01-27 03:47:33 (UTC)	8192 	Function sql_regcase() is deprecated	File: fns_tinybrowser.php	Line: 371	
2012-01-27 03:47:48 (UTC)	8192 	Function sql_regcase() is deprecated	File: fns_tinybrowser.php	Line: 355	
2012-01-27 03:47:48 (UTC)	8192 	Function sql_regcase() is deprecated	File: fns_tinybrowser.php	Line: 355	
2012-01-27 03:47:48 (UTC)	8192 	Function sql_regcase() is deprecated	File: fns_tinybrowser.php	Line: 355	
2012-01-27 03:47:48 (UTC)	8192 	Function sql_regcase() is deprecated	File: fns_tinybrowser.php	Line: 355	
2012-01-27 03:47:48 (UTC)	8192 	Function sql_regcase() is deprecated	File: fns_tinybrowser.php	Line: 371	
2012-01-27 03:47:48 (UTC)	8192 	Function sql_regcase() is deprecated	File: fns_tinybrowser.php	Line: 371	
2012-01-27 03:47:48 (UTC)	8192 	Function sql_regcase() is deprecated	File: fns_tinybrowser.php	Line: 371	
2012-01-27 03:47:48 (UTC)	8192 	Function sql_regcase() is deprecated	File: fns_tinybrowser.php	Line: 371	
2012-01-27 03:47:48 (UTC)	8192 	Function sql_regcase() is deprecated	File: fns_tinybrowser.php	Line: 371	
2012-01-27 03:47:48 (UTC)	8192 	Function sql_regcase() is deprecated	File: fns_tinybrowser.php	Line: 371	
2012-01-27 03:47:48 (UTC)	8192 	Function sql_regcase() is deprecated	File: fns_tinybrowser.php	Line: 371	
2012-01-27 03:47:48 (UTC)	8192 	Function sql_regcase() is deprecated	File: fns_tinybrowser.php	Line: 371	
2012-01-27 03:52:55 (UTC)	8192 	Function sql_regcase() is deprecated	File: fns_tinybrowser.php	Line: 355	
2012-01-27 03:52:55 (UTC)	8192 	Function sql_regcase() is deprecated	File: fns_tinybrowser.php	Line: 355	
2012-01-27 03:52:55 (UTC)	8192 	Function sql_regcase() is deprecated	File: fns_tinybrowser.php	Line: 355	
2012-01-27 03:52:55 (UTC)	8192 	Function sql_regcase() is deprecated	File: fns_tinybrowser.php	Line: 355	
2012-01-27 03:52:55 (UTC)	8192 	Function sql_regcase() is deprecated	File: fns_tinybrowser.php	Line: 371	
2012-01-27 03:52:55 (UTC)	8192 	Function sql_regcase() is deprecated	File: fns_tinybrowser.php	Line: 371	
2012-01-27 03:52:55 (UTC)	8192 	Function sql_regcase() is deprecated	File: fns_tinybrowser.php	Line: 371	
2012-01-27 03:52:55 (UTC)	8192 	Function sql_regcase() is deprecated	File: fns_tinybrowser.php	Line: 371	
2012-01-27 03:52:55 (UTC)	8192 	Function sql_regcase() is deprecated	File: fns_tinybrowser.php	Line: 371	
2012-01-27 03:52:55 (UTC)	8192 	Function sql_regcase() is deprecated	File: fns_tinybrowser.php	Line: 371	
2012-01-27 03:52:55 (UTC)	8192 	Function sql_regcase() is deprecated	File: fns_tinybrowser.php	Line: 371	
2012-01-27 03:52:55 (UTC)	8192 	Function sql_regcase() is deprecated	File: fns_tinybrowser.php	Line: 371	
2012-01-27 18:51:42 (UTC)	8192 	Function sql_regcase() is deprecated	File: fns_tinybrowser.php	Line: 355	
2012-01-27 18:51:42 (UTC)	8192 	Function sql_regcase() is deprecated	File: fns_tinybrowser.php	Line: 355	
2012-01-27 18:51:42 (UTC)	8192 	Function sql_regcase() is deprecated	File: fns_tinybrowser.php	Line: 355	
2012-01-27 18:51:42 (UTC)	8192 	Function sql_regcase() is deprecated	File: fns_tinybrowser.php	Line: 355	
2012-01-27 18:51:42 (UTC)	8192 	Function sql_regcase() is deprecated	File: fns_tinybrowser.php	Line: 371	
2012-01-27 18:51:42 (UTC)	8192 	Function sql_regcase() is deprecated	File: fns_tinybrowser.php	Line: 371	
2012-01-27 18:51:42 (UTC)	8192 	Function sql_regcase() is deprecated	File: fns_tinybrowser.php	Line: 371	
2012-01-27 18:51:42 (UTC)	8192 	Function sql_regcase() is deprecated	File: fns_tinybrowser.php	Line: 371	
2012-01-27 18:51:42 (UTC)	8192 	Function sql_regcase() is deprecated	File: fns_tinybrowser.php	Line: 371	
2012-01-27 18:51:42 (UTC)	8192 	Function sql_regcase() is deprecated	File: fns_tinybrowser.php	Line: 371	
2012-01-27 18:51:42 (UTC)	8192 	Function sql_regcase() is deprecated	File: fns_tinybrowser.php	Line: 371	
2012-01-27 18:51:42 (UTC)	8192 	Function sql_regcase() is deprecated	File: fns_tinybrowser.php	Line: 371	
2012-01-27 18:53:13 (UTC)	8192 	Function sql_regcase() is deprecated	File: fns_tinybrowser.php	Line: 355	
2012-01-27 18:53:13 (UTC)	8192 	Function sql_regcase() is deprecated	File: fns_tinybrowser.php	Line: 355	
2012-01-27 18:53:13 (UTC)	8192 	Function sql_regcase() is deprecated	File: fns_tinybrowser.php	Line: 355	
2012-01-27 18:53:13 (UTC)	8192 	Function sql_regcase() is deprecated	File: fns_tinybrowser.php	Line: 355	
2012-01-27 18:53:13 (UTC)	8192 	Function sql_regcase() is deprecated	File: fns_tinybrowser.php	Line: 371	
2012-01-27 18:53:13 (UTC)	8192 	Function sql_regcase() is deprecated	File: fns_tinybrowser.php	Line: 371	
2012-01-27 18:53:13 (UTC)	8192 	Function sql_regcase() is deprecated	File: fns_tinybrowser.php	Line: 371	
2012-01-27 18:53:13 (UTC)	8192 	Function sql_regcase() is deprecated	File: fns_tinybrowser.php	Line: 371	
2012-01-27 18:53:13 (UTC)	8192 	Function sql_regcase() is deprecated	File: fns_tinybrowser.php	Line: 371	
2012-01-27 18:53:13 (UTC)	8192 	Function sql_regcase() is deprecated	File: fns_tinybrowser.php	Line: 371	
2012-01-27 18:53:13 (UTC)	8192 	Function sql_regcase() is deprecated	File: fns_tinybrowser.php	Line: 371	
2012-01-27 18:53:13 (UTC)	8192 	Function sql_regcase() is deprecated	File: fns_tinybrowser.php	Line: 371	
2012-01-27 18:55:10 (UTC)	8192 	Function sql_regcase() is deprecated	File: fns_tinybrowser.php	Line: 355	
2012-01-27 18:55:10 (UTC)	8192 	Function sql_regcase() is deprecated	File: fns_tinybrowser.php	Line: 355	
2012-01-27 18:55:10 (UTC)	8192 	Function sql_regcase() is deprecated	File: fns_tinybrowser.php	Line: 355	
2012-01-27 18:55:10 (UTC)	8192 	Function sql_regcase() is deprecated	File: fns_tinybrowser.php	Line: 355	
2012-01-27 18:55:10 (UTC)	8192 	Function sql_regcase() is deprecated	File: fns_tinybrowser.php	Line: 371	
2012-01-27 18:55:10 (UTC)	8192 	Function sql_regcase() is deprecated	File: fns_tinybrowser.php	Line: 371	
2012-01-27 18:55:10 (UTC)	8192 	Function sql_regcase() is deprecated	File: fns_tinybrowser.php	Line: 371	
2012-01-27 18:55:10 (UTC)	8192 	Function sql_regcase() is deprecated	File: fns_tinybrowser.php	Line: 371	
2012-01-27 18:55:10 (UTC)	8192 	Function sql_regcase() is deprecated	File: fns_tinybrowser.php	Line: 371	
2012-01-27 18:55:10 (UTC)	8192 	Function sql_regcase() is deprecated	File: fns_tinybrowser.php	Line: 371	
2012-01-27 18:55:10 (UTC)	8192 	Function sql_regcase() is deprecated	File: fns_tinybrowser.php	Line: 371	
2012-01-27 18:55:10 (UTC)	8192 	Function sql_regcase() is deprecated	File: fns_tinybrowser.php	Line: 371	
